<?xml version="1.0" encoding="UTF-8"?>
<!-- Generated by org.testng.reporters.JUnitReportReporter -->
<testsuite hostname="Medge570" failures="0" tests="1" name="com.tideselenium.runner.Runner" time="8.521" errors="0" timestamp="2022-08-03T13:36:21 GMT+05:30" skipped="0">
  <testcase classname="com.tideselenium.runner.Runner" name="testCase7" time="8.521"/>
  <system-out/>
</testsuite> <!-- com.tideselenium.runner.Runner -->
